<?xml version="1.0" encoding="UTF-8"?>
<!-- Generated by org.testng.reporters.JUnitXMLReporter -->
<testsuite ignored="1" hostname="LAPTOP-7ITKF1PV" failures="0" tests="5" name="Test" time="0.049" errors="0" timestamp="2022-08-17T15:02:27 IST">
  <testcase classname="org.SDET38_VIAJE_PRACTICE.class4" name="write4" time="0.006"/>
  <testcase classname="org.SDET38_VIAJE_PRACTICE.class1" name="write1" time="0.001"/>
  <testcase classname="org.SDET38_VIAJE_PRACTICE.class1" name="write5" time="0.001"/>
  <testcase classname="org.SDET38_VIAJE_PRACTICE.class1" name="write6" time="0.001"/>
  <testcase classname="org.SDET38_VIAJE_PRACTICE.class2" name="write2" time="0.001"/>
  <testcase classname="org.SDET38_VIAJE_PRACTICE.class3" name="write3" time="0.0">
    <ignored/>
  </testcase> <!-- write3 -->
</testsuite> <!-- Test -->
