<?xml version="1.0" encoding="UTF-8"?>
<!-- Generated by org.testng.reporters.JUnitXMLReporter -->
<testsuite ignored="0" hostname="LAPTOP-7ITKF1PV" failures="1" tests="5" name="Test(failed)" time="10.536" errors="0" timestamp="2022-08-19T15:36:58 IST">
  <testcase classname="com.SDET38.VIEJE.TESTNG.manageVerification1Test" name="tourPackageTest" time="2.513">
    <skipped/>
  </testcase> <!-- tourPackageTest -->
  <testcase classname="com.SDET38.VIEJE.TESTNG.manageVerification1Test" name="tourPackageTest" time="0.767">
    <skipped/>
  </testcase> <!-- tourPackageTest -->
  <testcase classname="com.SDET38.VIEJE.TESTNG.manageVerification1Test" name="tourPackageTest" time="0.963">
    <skipped/>
  </testcase> <!-- tourPackageTest -->
  <testcase classname="com.SDET38.VIEJE.TESTNG.manageVerification1Test" name="tourPackageTest" time="0.944">
    <skipped/>
  </testcase> <!-- tourPackageTest -->
  <testcase classname="com.SDET38.VIEJE.TESTNG.manageVerification1Test" name="tourPackageTest" time="1.118">
    <failure type="java.lang.AssertionError" message="null">
      <![CDATA[java.lang.AssertionError: null
at com.SDET38.VIEJE.TESTNG.manageVerification1Test.tourPackageTest(manageVerification1Test.java:47)
at java.base/java.util.ArrayList.forEach(ArrayList.java:1511)
... Removed 29 stack frames]]>
    </failure>
  </testcase> <!-- tourPackageTest -->
</testsuite> <!-- Test(failed) -->
