<?xml version="1.0" encoding="UTF-8"?>
<!-- Generated by org.testng.reporters.JUnitXMLReporter -->
<testsuite ignored="0" hostname="LAPTOP-7ITKF1PV" failures="0" tests="4" name="Default test" time="0.055" errors="0" timestamp="2022-08-17T14:47:08 IST">
  <testcase classname="org.SDET38_VIAJE_PRACTICE.class1" name="write" time="0.009"/>
  <testcase classname="org.SDET38_VIAJE_PRACTICE.class2" name="write" time="0.001"/>
  <testcase classname="org.SDET38_VIAJE_PRACTICE.class3" name="write" time="0.0"/>
  <testcase classname="org.SDET38_VIAJE_PRACTICE.class4" name="write" time="0.0"/>
</testsuite> <!-- Default test -->
