<?xml version="1.0" encoding="UTF-8"?>
<!-- Generated by org.testng.reporters.JUnitXMLReporter -->
<testsuite ignored="2" hostname="LAPTOP-7ITKF1PV" failures="0" tests="2" name="Test" time="0.046" errors="0" timestamp="2022-08-17T14:52:06 IST">
  <testcase classname="org.SDET38_VIAJE_PRACTICE.class1" name="write" time="0.008"/>
  <testcase classname="org.SDET38_VIAJE_PRACTICE.class2" name="write" time="0.001"/>
  <testcase classname="org.SDET38_VIAJE_PRACTICE.class3" name="write" time="0.0">
    <ignored/>
  </testcase> <!-- write -->
  <testcase classname="org.SDET38_VIAJE_PRACTICE.class4" name="write" time="0.0">
    <ignored/>
  </testcase> <!-- write -->
</testsuite> <!-- Test -->
